<?xml version="1.0" encoding="UTF-8"?>
<!-- Generated by org.testng.reporters.JUnitXMLReporter -->
<testsuite ignored="0" hostname="DESKTOP-FPF5IV7" failures="0" tests="4" name="Default test" time="157.735" errors="0" timestamp="2025-02-24T16:42:22 IST">
  <testcase classname="testCases.TC003LoginTestWithDDT" name="VerfyLogin" time="33.576"/>
  <testcase classname="testCases.TC003LoginTestWithDDT" name="VerfyLogin" time="53.248"/>
  <testcase classname="testCases.TC003LoginTestWithDDT" name="VerfyLogin" time="27.839"/>
  <testcase classname="testCases.TC003LoginTestWithDDT" name="VerfyLogin" time="32.878"/>
</testsuite> <!-- Default test -->
