<?xml version="1.0" encoding="UTF-8"?>
<testng-results ignored="0" total="1" passed="1" failed="0" skipped="0">
  <reporter-output>
  </reporter-output>
  <suite started-at="2025-03-12T15:36:51 IST" name="Surefire suite" finished-at="2025-03-12T15:37:07 IST" duration-ms="15569">
    <groups>
      <group name="Master">
        <method signature="TC002_LoginTest.VerfyLogin()[pri:0, instance:testCases.TC002_LoginTest@67a20f67]" name="VerfyLogin" class="testCases.TC002_LoginTest"/>
      </group> <!-- Master -->
      <group name="Regression">
        <method signature="TC002_LoginTest.VerfyLogin()[pri:0, instance:testCases.TC002_LoginTest@67a20f67]" name="VerfyLogin" class="testCases.TC002_LoginTest"/>
      </group> <!-- Regression -->
    </groups>
    <test started-at="2025-03-12T15:36:51 IST" name="Surefire test" finished-at="2025-03-12T15:37:07 IST" duration-ms="15569">
      <class name="testCases.TC002_LoginTest">
        <test-method is-config="true" signature="setup()[pri:0, instance:testCases.TC002_LoginTest@67a20f67]" started-at="2025-03-12T15:36:51 IST" name="setup" finished-at="2025-03-12T15:36:57 IST" duration-ms="6512" status="PASS">
          <reporter-output>
          </reporter-output>
        </test-method> <!-- setup -->
        <test-method signature="VerfyLogin()[pri:0, instance:testCases.TC002_LoginTest@67a20f67]" started-at="2025-03-12T15:36:58 IST" name="VerfyLogin" finished-at="2025-03-12T15:37:03 IST" duration-ms="5684" status="PASS">
          <reporter-output>
          </reporter-output>
        </test-method> <!-- VerfyLogin -->
        <test-method is-config="true" signature="teardown()[pri:0, instance:testCases.TC002_LoginTest@67a20f67]" started-at="2025-03-12T15:37:03 IST" name="teardown" finished-at="2025-03-12T15:37:07 IST" duration-ms="3249" status="PASS">
          <reporter-output>
          </reporter-output>
        </test-method> <!-- teardown -->
      </class> <!-- testCases.TC002_LoginTest -->
    </test> <!-- Surefire test -->
  </suite> <!-- Surefire suite -->
</testng-results>
