<?xml version="1.0" encoding="UTF-8"?>
<testng-results ignored="0" total="1" passed="1" failed="0" skipped="0">
  <reporter-output>
  </reporter-output>
  <suite started-at="2025-02-25T16:25:16 IST" name="Failed suite [Master Suite]" finished-at="2025-02-25T16:25:31 IST" duration-ms="15528">
    <groups>
      <group name="Master">
        <method signature="TC002_LoginTest.VerfyLogin()[pri:0, instance:testCases.TC002_LoginTest@15de0b3c]" name="VerfyLogin" class="testCases.TC002_LoginTest"/>
      </group> <!-- Master -->
      <group name="Regression">
        <method signature="TC002_LoginTest.VerfyLogin()[pri:0, instance:testCases.TC002_LoginTest@15de0b3c]" name="VerfyLogin" class="testCases.TC002_LoginTest"/>
      </group> <!-- Regression -->
    </groups>
    <test started-at="2025-02-25T16:25:16 IST" name="Test(failed)" finished-at="2025-02-25T16:25:31 IST" duration-ms="15528">
      <class name="testCases.TC002_LoginTest">
        <test-method is-config="true" signature="setup()[pri:0, instance:testCases.TC002_LoginTest@15de0b3c]" started-at="2025-02-25T16:25:16 IST" name="setup" finished-at="2025-02-25T16:25:24 IST" duration-ms="7897" status="PASS">
          <reporter-output>
          </reporter-output>
        </test-method> <!-- setup -->
        <test-method signature="VerfyLogin()[pri:0, instance:testCases.TC002_LoginTest@15de0b3c]" started-at="2025-02-25T16:25:24 IST" name="VerfyLogin" finished-at="2025-02-25T16:25:28 IST" duration-ms="4276" status="PASS">
          <reporter-output>
          </reporter-output>
        </test-method> <!-- VerfyLogin -->
        <test-method is-config="true" signature="teardown()[pri:0, instance:testCases.TC002_LoginTest@15de0b3c]" started-at="2025-02-25T16:25:28 IST" name="teardown" finished-at="2025-02-25T16:25:31 IST" duration-ms="3261" status="PASS">
          <reporter-output>
          </reporter-output>
        </test-method> <!-- teardown -->
      </class> <!-- testCases.TC002_LoginTest -->
    </test> <!-- Test(failed) -->
  </suite> <!-- Failed suite [Master Suite] -->
</testng-results>
